<?xml version="1.0" encoding="UTF-8"?>
<!-- Generated by org.testng.reporters.JUnitReportReporter -->
<testsuite hostname="RAJESH-PC" name="TravelP.TravelAgency.SignUp" tests="2" failures="0" timestamp="30 Nov 2017 10:59:26 GMT" time="5.554" errors="0">
  <testcase name="LunchSignupPage" time="1.255" classname="TravelP.TravelAgency.SignUp"/>
  <testcase name="BlankData" time="4.299" classname="TravelP.TravelAgency.SignUp"/>
</testsuite> <!-- TravelP.TravelAgency.SignUp -->
