<?xml version="1.0" encoding="UTF-8"?>
<!-- Generated by org.testng.reporters.JUnitReportReporter -->
<testsuite hostname="RAJESH-PC" name="TravelP.TravelAgency.ReadExcel" tests="1" failures="0" timestamp="4 Dec 2017 08:11:36 GMT" time="30.404" errors="0">
  <testcase name="ReadTest" time="30.404" classname="TravelP.TravelAgency.ReadExcel"/>
</testsuite> <!-- TravelP.TravelAgency.ReadExcel -->
